d:\stuff\git\project-x\project-x\debug\vc141.pdb
d:\stuff\git\project-x\project-x\debug\vc141.idb
d:\stuff\git\project-x\project-x\debug\actor.obj
d:\stuff\git\project-x\project-x\debug\ai.obj
d:\stuff\git\project-x\project-x\debug\attacker.obj
d:\stuff\git\project-x\project-x\debug\container.obj
d:\stuff\git\project-x\project-x\debug\destructible.obj
d:\stuff\git\project-x\project-x\debug\engine.obj
d:\stuff\git\project-x\project-x\debug\gui.obj
d:\stuff\git\project-x\project-x\debug\main.obj
d:\stuff\git\project-x\project-x\debug\map.obj
d:\stuff\git\project-x\project-x\debug\persistent.obj
d:\stuff\git\project-x\project-x\debug\pickable.obj
d:\stuff\git\project-x\debug\project-x.ilk
d:\stuff\git\project-x\debug\project-x.exe
d:\stuff\git\project-x\debug\project-x.pdb
d:\stuff\git\project-x\project-x\debug\project-x.tlog\cl.command.1.tlog
d:\stuff\git\project-x\project-x\debug\project-x.tlog\cl.read.1.tlog
d:\stuff\git\project-x\project-x\debug\project-x.tlog\cl.write.1.tlog
d:\stuff\git\project-x\project-x\debug\project-x.tlog\link.command.1.tlog
d:\stuff\git\project-x\project-x\debug\project-x.tlog\link.read.1.tlog
d:\stuff\git\project-x\project-x\debug\project-x.tlog\link.write.1.tlog
